[0mPOST /api/category/sub-category/create [32m200 [0m236.380 ms - 55[0m
[0mPOST /api/category/sub-category/create [32m200 [0m160.006 ms - 55[0m
[0mGET /api/category/sub-category/list [33m404 [0m8.848 ms - 2200[0m
[0mGET /api/category/sub-category/list [32m200 [0m19.793 ms - 258[0m
[0mPOST /api/category/child-category/create [32m200 [0m70.079 ms - 60[0m
[0mGET /api/category/child-category/list [33m404 [0m17.105 ms - 2200[0m
[0mGET /api/category/child-category/list [32m200 [0m17.476 ms - 154[0m
[0mGET /api/category/list [33m404 [0m12.117 ms - 2200[0m
[0mGET /api/category/main/list [32m200 [0m18.336 ms - 167[0m
[0mGET /api/category/main/list [32m200 [0m13.837 ms - 167[0m
[0mGET /api/category/main/list [32m200 [0m7.192 ms - 167[0m
[0mGET /api/category/main/list [32m200 [0m6.318 ms - 167[0m
[0mGET /api/category/main/list [36m304 [0m3.502 ms - -[0m
[0mGET /api/category/main/list [36m304 [0m2.674 ms - -[0m
[0mGET /api/category/main/list [36m304 [0m3.021 ms - -[0m
[0mGET /api/category/main/list [36m304 [0m5.175 ms - -[0m
[0mGET /api/category/main/list [36m304 [0m5.013 ms - -[0m
[0mGET /api/category/main/list [36m304 [0m10.996 ms - -[0m
[0mGET /api/category/main/list [36m304 [0m5.256 ms - -[0m
[0mGET /api/category/main/list [36m304 [0m6.157 ms - -[0m
[0mGET /api/category/main/list [36m304 [0m9.910 ms - -[0m
[0mGET /api/category/main/list [36m304 [0m5.308 ms - -[0m
[0mGET /api/category/main/list [36m304 [0m3.252 ms - -[0m
[0mGET /api/category/main/list [36m304 [0m4.380 ms - -[0m
[0mGET /api/category/main/list [36m304 [0m2.600 ms - -[0m
[0mGET /api/category/main/list [36m304 [0m5.449 ms - -[0m
[0mOPTIONS /api/category/create [32m200 [0m1.077 ms - 4[0m
[0mPOST /api/category/create [32m200 [0m184.350 ms - 55[0m
[0mGET /api/category/main/list [32m200 [0m8.722 ms - 300[0m
[0mGET /api/category/main/list [36m304 [0m3.171 ms - -[0m
[0mGET /api/category/main/list [36m304 [0m2.887 ms - -[0m
[0mGET /api/category/main/list [36m304 [0m5.098 ms - -[0m
[0mGET /api/category/main/list [36m304 [0m6.383 ms - -[0m
[0mOPTIONS /api/category/main/update [33m404 [0m21.307 ms - 2427[0m
[0mOPTIONS /api/category/main/update [32m200 [0m6.361 ms - 4[0m
[0mPOST /api/category/main/update [32m200 [0m1275.791 ms - 55[0m
[0mGET /api/category/main/list [32m200 [0m4.932 ms - 299[0m
[0mOPTIONS /api/category/main/update [32m200 [0m1.361 ms - 4[0m
[0mPOST /api/category/main/update [32m200 [0m154.097 ms - 55[0m
[0mGET /api/category/main/list [32m200 [0m10.389 ms - 301[0m
[0mGET /api/category/main/list [32m200 [0m22.361 ms - 301[0m
[0mGET /api/category/main/list [32m200 [0m3.500 ms - 301[0m
[0mGET /api/category/main/list [32m200 [0m21.850 ms - 301[0m
[0mGET /api/category/main/list [32m200 [0m28.420 ms - 301[0m
[0mGET /api/category/main/list [32m200 [0m5.664 ms - 301[0m
[0mGET /api/category/main/list [36m304 [0m2.970 ms - -[0m
[0mGET /api/category/main/list [36m304 [0m5.444 ms - -[0m
[0mGET /api/category/main/list [36m304 [0m3.188 ms - -[0m
[0mGET /api/category/main/list [36m304 [0m3.596 ms - -[0m
[0mGET /api/category/main/list [36m304 [0m4.886 ms - -[0m
[0mGET /api/category/main/list [36m304 [0m5.832 ms - -[0m
[0mGET /api/category/main/list [36m304 [0m3.068 ms - -[0m
[0mGET /api/category/main/list [36m304 [0m8.398 ms - -[0m
[0mGET /api/category/main/list [36m304 [0m3.842 ms - -[0m
[0mGET /api/category/main/list [36m304 [0m3.710 ms - -[0m
[0mGET /api/category/main/list [36m304 [0m6.585 ms - -[0m
[0mGET /api/category/main/list [36m304 [0m4.547 ms - -[0m
[0mGET /api/category/main/list [36m304 [0m4.673 ms - -[0m
[0mGET /api/category/main/list [36m304 [0m7.765 ms - -[0m
[0mGET /api/category/main/list [36m304 [0m7.434 ms - -[0m
[0mGET /api/category/main/list [36m304 [0m13.646 ms - -[0m
[0mGET /api/category/main/list [36m304 [0m4.895 ms - -[0m
[0mGET /api/category/main/list [36m304 [0m5.485 ms - -[0m
[0mGET /api/category/main/list [36m304 [0m6.521 ms - -[0m
[0mGET /api/category/main/list [36m304 [0m8.414 ms - -[0m
[0mGET /api/category/main/list [36m304 [0m7.807 ms - -[0m
[0mGET /api/category/main/list [36m304 [0m3.734 ms - -[0m
[0mGET /api/category/main/list [36m304 [0m3.526 ms - -[0m
[0mGET /api/category/main/list [36m304 [0m4.419 ms - -[0m
[0mGET /api/category/main/list [36m304 [0m4.613 ms - -[0m
[0mGET /api/category/main/list [36m304 [0m8.835 ms - -[0m
[0mGET /api/category/main/list [36m304 [0m4.156 ms - -[0m
[0mGET /api/category/main/list [36m304 [0m3.309 ms - -[0m
[0mOPTIONS /api/category/sub-category/create [32m204 [0m1.801 ms - 0[0m
[0mPOST /api/category/sub-category/create [32m200 [0m450.960 ms - 55[0m
[0mGET /api/category/main/list [36m304 [0m7.221 ms - -[0m
[0mGET /api/category/main/list [36m304 [0m4.753 ms - -[0m
[0mGET /api/category/main/list [36m304 [0m4.072 ms - -[0m
[0mGET /api/category/main/list [36m304 [0m6.647 ms - -[0m
[0mGET /api/category/main/list [36m304 [0m7.504 ms - -[0m
[0mGET /api/category/main/list [36m304 [0m9.783 ms - -[0m
[0mGET /api/category/sub-category/list [32m200 [0m13.799 ms - 376[0m
[0mGET /api/category/main/list [36m304 [0m3.480 ms - -[0m
[0mGET /api/category/main/list [36m304 [0m9.571 ms - -[0m
[0mGET /api/category/main/list [36m304 [0m3.708 ms - -[0m
[0mGET /api/category/sub-category/list [36m304 [0m5.559 ms - -[0m
[0mGET /api/category/main/list [36m304 [0m8.349 ms - -[0m
[0mGET /api/category/sub-category/list [36m304 [0m10.694 ms - -[0m
[0mGET /api/category/main/list [36m304 [0m9.762 ms - -[0m
[0mGET /api/category/main/list [36m304 [0m5.353 ms - -[0m
[0mGET /api/category/sub-category/list [36m304 [0m10.585 ms - -[0m
[0mGET /api/category/main/list [36m304 [0m2.588 ms - -[0m
[0mGET /api/category/main/list [36m304 [0m8.572 ms - -[0m
[0mGET /api/category/sub-category/list [36m304 [0m10.043 ms - -[0m
[0mGET /api/category/main/list [36m304 [0m6.803 ms - -[0m
[0mGET /api/category/main/list [32m200 [0m51.849 ms - 301[0m
[0mGET /api/category/sub-category/list [31m500 [0m51.477 ms - 2100[0m
[0mGET /api/category/main/list [32m200 [0m26.945 ms - 301[0m
[0mGET /api/category/sub-category/list [31m500 [0m27.128 ms - 2100[0m
[0mGET /api/category/main/list [32m200 [0m21.995 ms - 301[0m
[0mGET /api/category/sub-category/list [32m200 [0m33.532 ms - 689[0m
[0mGET /api/category/main/list [36m304 [0m7.771 ms - -[0m
[0mGET /api/category/sub-category/list [36m304 [0m9.300 ms - -[0m
[0mGET /api/category/main/list [36m304 [0m7.387 ms - -[0m
[0mGET /api/category/main/list [32m200 [0m26.002 ms - 301[0m
[0mGET /api/category/sub-category/list [32m200 [0m28.964 ms - 526[0m
[0mGET /api/category/main/list [36m304 [0m23.633 ms - -[0m
[0mGET /api/category/sub-category/list [36m304 [0m28.989 ms - -[0m
[0mGET /api/category/main/list [36m304 [0m6.627 ms - -[0m
[0mGET /api/category/main/list [36m304 [0m12.194 ms - -[0m
[0mGET /api/category/sub-category/list [36m304 [0m17.069 ms - -[0m
[0mGET /api/category/main/list [36m304 [0m3.773 ms - -[0m
[0mGET /api/category/main/list [36m304 [0m6.840 ms - -[0m
[0mGET /api/category/main/list [36m304 [0m16.925 ms - -[0m
[0mGET /api/category/sub-category/list [36m304 [0m17.468 ms - -[0m
[0mGET /api/category/main/list [36m304 [0m12.760 ms - -[0m
[0mGET /api/category/sub-category/list [36m304 [0m12.957 ms - -[0m
[0mGET /api/category/main/list [36m304 [0m11.782 ms - -[0m
[0mGET /api/category/main/list [36m304 [0m87.822 ms - -[0m
[0mGET /api/category/sub-category/list [36m304 [0m79.841 ms - -[0m
[0mGET /api/category/main/list [36m304 [0m4.075 ms - -[0m
[0mGET /api/category/main/list [36m304 [0m9.185 ms - -[0m
[0mGET /api/category/sub-category/list [36m304 [0m12.133 ms - -[0m
[0mGET /api/category/main/list [36m304 [0m6.150 ms - -[0m
[0mGET /api/category/main/list [36m304 [0m5.571 ms - -[0m
[0mGET /api/category/main/list [36m304 [0m21.964 ms - -[0m
[0mGET /api/category/sub-category/list [36m304 [0m24.674 ms - -[0m
[0mGET /api/category/main/list [36m304 [0m4.757 ms - -[0m
[0mGET /api/category/sub-category/list [36m304 [0m5.994 ms - -[0m
[0mGET /api/category/main/list [36m304 [0m6.294 ms - -[0m
[0mGET /api/category/main/list [36m304 [0m9.385 ms - -[0m
[0mGET /api/category/sub-category/list [36m304 [0m10.976 ms - -[0m
[0mGET /api/category/main/list [36m304 [0m8.254 ms - -[0m
[0mOPTIONS /api/category/sub-cat/update [32m204 [0m5.269 ms - 0[0m
[0mPOST /api/category/sub-cat/update [32m200 [0m595.786 ms - 55[0m
[0mGET /api/category/main/list [36m304 [0m11.162 ms - -[0m
[0mGET /api/category/sub-category/list [32m200 [0m22.734 ms - 527[0m
[0mGET /api/category/main/list [36m304 [0m29.871 ms - -[0m
[0mGET /api/category/sub-category/list [36m304 [0m36.066 ms - -[0m
[0mGET /api/category/main/list [36m304 [0m10.784 ms - -[0m
[0mGET /api/category/sub-category/list [36m304 [0m14.002 ms - -[0m
[0mGET /api/category/main/list [36m304 [0m5.384 ms - -[0m
[0mGET /api/category/sub-category/list [36m304 [0m7.372 ms - -[0m
[0mGET /api/category/main/list [36m304 [0m4.937 ms - -[0m
[0mGET /api/category/sub-category/list [36m304 [0m5.514 ms - -[0m
[0mGET /api/category/main/list [36m304 [0m6.296 ms - -[0m
[0mGET /api/category/sub-category/list [36m304 [0m8.465 ms - -[0m
[0mGET /api/category/main/list [36m304 [0m5.245 ms - -[0m
[0mGET /api/category/sub-category/list [36m304 [0m7.779 ms - -[0m
[0mGET /api/category/main/list [36m304 [0m13.519 ms - -[0m
[0mGET /api/category/sub-category/list [36m304 [0m11.628 ms - -[0m
[0mGET /api/category/main/list [36m304 [0m6.172 ms - -[0m
[0mGET /api/category/sub-category/list [36m304 [0m6.015 ms - -[0m
[0mGET /api/category/sub-list?categoryId=1 [32m200 [0m28.828 ms - 527[0m
[0mGET /api/category/sub-list?categoryId=2 [32m200 [0m4.572 ms - 26[0m
[0mGET /api/category/sub-list?categoryId=1 [32m200 [0m5.347 ms - 527[0m
[0mGET /api/category/sub-list?categoryId=1 [32m200 [0m5.289 ms - 527[0m
[0mGET /api/category/sub-list?categoryId=2 [32m200 [0m5.661 ms - 26[0m
[0mGET /api/category/sub-list?categoryId=1 [32m200 [0m4.193 ms - 527[0m
[0mGET /api/category/main/list [36m304 [0m8.883 ms - -[0m
[0mGET /api/category/sub-category/list [36m304 [0m11.232 ms - -[0m
[0mOPTIONS /api/category/sub-category/create [32m204 [0m1.908 ms - 0[0m
[0mPOST /api/category/sub-category/create [32m200 [0m121.701 ms - 55[0m
[0mGET /api/category/sub-category/list [32m200 [0m3.681 ms - 691[0m
[0mGET /api/category/sub-list?categoryId=2 [32m200 [0m4.054 ms - 189[0m
[0mGET /api/category/main/list [36m304 [0m10.022 ms - -[0m
[0mGET /api/category/sub-category/list [36m304 [0m14.153 ms - -[0m
[0mGET /api/category/main/list [36m304 [0m9.819 ms - -[0m
[0mGET /api/category/sub-category/list [36m304 [0m9.256 ms - -[0m
[0mGET /api/category/main/list [36m304 [0m12.694 ms - -[0m
[0mGET /api/category/sub-category/list [36m304 [0m12.596 ms - -[0m
[0mGET /api/category/main/list [36m304 [0m11.699 ms - -[0m
[0mGET /api/category/sub-category/list [36m304 [0m14.500 ms - -[0m
[0mGET /api/category/main/list [36m304 [0m6.799 ms - -[0m
[0mGET /api/category/sub-category/list [36m304 [0m10.506 ms - -[0m
[0mGET /api/category/main/list [36m304 [0m5.345 ms - -[0m
[0mGET /api/category/sub-category/list [36m304 [0m7.972 ms - -[0m
[0mGET /api/category/main/list [36m304 [0m8.544 ms - -[0m
[0mGET /api/category/sub-category/list [36m304 [0m11.269 ms - -[0m
[0mGET /api/category/main/list [36m304 [0m4.883 ms - -[0m
[0mGET /api/category/sub-category/list [36m304 [0m6.206 ms - -[0m
[0mGET /api/category/main/list [36m304 [0m7.049 ms - -[0m
[0mGET /api/category/sub-category/list [36m304 [0m12.229 ms - -[0m
[0mGET /api/category/sub-list?categoryId=1 [32m200 [0m4.620 ms - 527[0m
[0mGET /api/category/main/list [36m304 [0m9.124 ms - -[0m
[0mGET /api/category/sub-category/list [36m304 [0m11.333 ms - -[0m
[0mGET /api/category/sub-list?categoryId=1 [36m304 [0m4.357 ms - -[0m
[0mGET /api/category/sub-list?categoryId=1 [36m304 [0m3.997 ms - -[0m
[0mGET /api/category/main/list [36m304 [0m4.668 ms - -[0m
[0mGET /api/category/sub-category/list [36m304 [0m8.608 ms - -[0m
[0mGET /api/category/main/list [36m304 [0m6.705 ms - -[0m
[0mGET /api/category/sub-category/list [36m304 [0m8.523 ms - -[0m
[0mGET /api/category/sub-list?categoryId=1 [36m304 [0m4.924 ms - -[0m
[0mGET /api/category/sub-list?categoryId=2 [32m200 [0m2.897 ms - 189[0m
[0mGET /api/category/sub-list?categoryId=1 [36m304 [0m7.353 ms - -[0m
[0mGET /api/category/main/list [36m304 [0m6.273 ms - -[0m
[0mGET /api/category/sub-category/list [36m304 [0m11.997 ms - -[0m
[0mGET /api/category/main/list [36m304 [0m7.778 ms - -[0m
[0mGET /api/category/sub-category/list [36m304 [0m7.987 ms - -[0m
[0mGET /api/category/sub-list?categoryId=1 [36m304 [0m6.629 ms - -[0m
[0mGET /api/category/main/list [36m304 [0m3.598 ms - -[0m
[0mGET /api/category/sub-category/list [36m304 [0m8.482 ms - -[0m
[0mGET /api/category/sub-list?categoryId=1 [36m304 [0m5.545 ms - -[0m
[0mGET /api/category/main/list [36m304 [0m7.215 ms - -[0m
[0mGET /api/category/sub-category/list [36m304 [0m10.721 ms - -[0m
[0mGET /api/category/main/list [36m304 [0m25.837 ms - -[0m
[0mGET /api/category/sub-category/list [36m304 [0m22.127 ms - -[0m
[0mGET /api/category/main/list [36m304 [0m3.038 ms - -[0m
[0mGET /api/category/main/list [32m200 [0m7.640 ms - 301[0m
[0mGET /api/category/main/list [36m304 [0m5.520 ms - -[0m
[0mGET /api/category/sub-category/list [36m304 [0m8.139 ms - -[0m
[0mGET /api/category/main/list [36m304 [0m2.533 ms - -[0m
[0mGET /api/category/main/list [36m304 [0m9.093 ms - -[0m
[0mGET /api/category/sub-category/list [36m304 [0m10.405 ms - -[0m
[0mGET /api/category/main/list [36m304 [0m9.291 ms - -[0m
[0mGET /api/category/sub-category/list [36m304 [0m8.138 ms - -[0m
[0mGET /api/category/main/list [36m304 [0m5.181 ms - -[0m
[0mGET /api/category/main/list [36m304 [0m4.855 ms - -[0m
[0mGET /api/category/sub-category/list [36m304 [0m5.913 ms - -[0m
[0mGET /api/category/main/list [36m304 [0m13.405 ms - -[0m
[0mGET /api/category/sub-category/list [36m304 [0m11.428 ms - -[0m
[0mGET /api/category/sub-list?categoryId=1 [32m200 [0m7.372 ms - 527[0m
[0mGET /api/category/sub-list?categoryId=1 [32m200 [0m7.598 ms - 527[0m
[0mGET /api/category/sub-list?categoryId=2 [32m200 [0m11.037 ms - 189[0m
[0mGET /api/category/sub-list?categoryId=1 [36m304 [0m10.494 ms - -[0m
[0mGET /api/category/sub-list?categoryId=2 [36m304 [0m13.446 ms - -[0m
[0mGET /api/category/sub-list?categoryId=1 [36m304 [0m6.371 ms - -[0m
[0mGET /api/category/main/list [36m304 [0m4.230 ms - -[0m
[0mGET /api/category/sub-category/list [36m304 [0m6.875 ms - -[0m
[0mGET /api/category/main/list [36m304 [0m4.714 ms - -[0m
[0mGET /api/category/sub-category/list [36m304 [0m6.965 ms - -[0m
[0mGET /api/category/main/list [36m304 [0m5.757 ms - -[0m
[0mGET /api/category/sub-category/list [36m304 [0m6.355 ms - -[0m
[0mGET /api/category/sub-list?categoryId=1 [36m304 [0m8.543 ms - -[0m
[0mOPTIONS /api/category/child-category/create [32m204 [0m3.059 ms - 0[0m
[0mPOST /api/category/child-category/create [32m200 [0m961.335 ms - 60[0m
[0mOPTIONS /api/category/child-category/create [32m204 [0m0.535 ms - 0[0m
[0mPOST /api/category/child-category/create [32m200 [0m122.584 ms - 60[0m
[0mGET /api/category/main/list [36m304 [0m5.015 ms - -[0m
[0mGET /api/category/sub-category/list [36m304 [0m6.156 ms - -[0m
[0mGET /api/category/main/list [36m304 [0m11.323 ms - -[0m
[0mGET /api/category/sub-category/list [36m304 [0m11.276 ms - -[0m
[0mGET /api/category/main/list [36m304 [0m13.170 ms - -[0m
[0mGET /api/category/sub-category/list [36m304 [0m20.326 ms - -[0m
[0mGET /api/category/child-category/list [32m200 [0m21.114 ms - 423[0m
[0mGET /api/category/main/list [36m304 [0m10.470 ms - -[0m
[0mGET /api/category/sub-category/list [36m304 [0m12.161 ms - -[0m
[0mGET /api/category/child-category/list [36m304 [0m13.595 ms - -[0m
[0mGET /api/category/main/list [36m304 [0m9.058 ms - -[0m
[0mGET /api/category/sub-category/list [36m304 [0m10.278 ms - -[0m
[0mGET /api/category/child-category/list [36m304 [0m11.551 ms - -[0m
[0mGET /api/category/main/list [32m200 [0m21.330 ms - 301[0m
[0mGET /api/category/sub-category/list [32m200 [0m25.950 ms - 691[0m
[0mGET /api/category/child-category/list [31m500 [0m28.566 ms - 2100[0m
[0mGET /api/category/main/list [31m500 [0m31.728 ms - 2100[0m
[0mGET /api/category/sub-category/list [32m200 [0m25.256 ms - 691[0m
[0mGET /api/category/child-category/list [32m200 [0m31.275 ms - 573[0m
[0mGET /api/category/main/list [32m200 [0m16.885 ms - 301[0m
[0mGET /api/category/sub-category/list [32m200 [0m12.583 ms - 691[0m
[0mGET /api/category/child-category/list [32m200 [0m8.509 ms - 573[0m
[0mGET /api/category/main/list [36m304 [0m19.403 ms - -[0m
[0mGET /api/category/sub-category/list [36m304 [0m24.647 ms - -[0m
[0mGET /api/category/child-category/list [36m304 [0m27.638 ms - -[0m
[0mGET /api/category/sub-list?categoryId=1 [36m304 [0m13.909 ms - -[0m
